[06-01-2023 19:28:32] [31merror[39m: [31mThe `uri` parameter to `openUri()` must be a string, got "undefined". Make sure the first parameter to `mongoose.connect()` or `mongoose.createConnection()` is a string.[39m
[07-01-2023 14:15:14] [31merror[39m: [31mGET / 404[39m
[07-01-2023 14:38:31] [31merror[39m: [31mGET / 404[39m
[07-01-2023 14:42:34] [33mwarn[39m: [33mGET /api/products/2 500[39m
[07-01-2023 14:44:23] [31merror[39m: [31mGET / 404[39m
[07-01-2023 14:45:13] [31merror[39m: [31mGET / 404[39m
[07-01-2023 14:45:43] [31merror[39m: [31mGET / 404[39m
[07-01-2023 14:46:42] [31merror[39m: [31mGET / 404[39m
[07-01-2023 14:47:16] [31merror[39m: [31mGET / 404[39m
[07-01-2023 14:47:37] [31merror[39m: [31mGET / 404[39m
[07-01-2023 14:47:55] [31merror[39m: [31mGET / 404[39m
[07-01-2023 14:48:19] [31merror[39m: [31mGET / 404[39m
[07-01-2023 14:48:49] [31merror[39m: [31mGET / 404[39m
[07-01-2023 14:50:06] [31merror[39m: [31mGET / 404[39m
[07-01-2023 14:50:06] [31merror[39m: [31mGET /favicon.ico 404[39m
[07-01-2023 14:51:26] [31merror[39m: [31mGET / 404[39m
[07-01-2023 14:52:21] [31merror[39m: [31mGET / 404[39m
[09-01-2023 08:29:05] [31merror[39m: [31mGET / 404[39m
[09-01-2023 08:35:36] [31merror[39m: [31mPOST /api/products 422[39m
[09-01-2023 08:38:23] [31merror[39m: [31mPOST /api/products 422[39m
[09-01-2023 08:39:37] [33mwarn[39m: [33mGET /api/products/1 500[39m
[09-01-2023 08:40:13] [33mwarn[39m: [33mGET /api/products/:1 500[39m
[09-01-2023 08:40:38] [33mwarn[39m: [33mGET /api/products/:63bbc43b0d98f228e14ce5e1 500[39m
[09-01-2023 08:42:47] [33mwarn[39m: [33mDELETE /api/products/1 500[39m
[09-01-2023 08:43:00] [33mwarn[39m: [33mDELETE /api/products/63bbc43b0d98f228e14ce5e1 500[39m
[09-01-2023 08:43:40] [33mwarn[39m: [33mDELETE /api/products/:63bbc43b0d98f228e14ce5e1 500[39m
[09-01-2023 08:44:24] [31merror[39m: [31mDELETE /api/productos/1 404[39m
[09-01-2023 08:44:36] [31merror[39m: [31mDELETE /api/productos/63bbc43b0d98f228e14ce5e1 404[39m
[09-01-2023 08:45:18] [33mwarn[39m: [33mDELETE /api/products/1 500[39m
[09-01-2023 08:45:49] [33mwarn[39m: [33mDELETE /api/products/:id?id=1 500[39m
[09-01-2023 08:46:14] [31merror[39m: [31mDELETE /api/products/?id&=1 404[39m
[09-01-2023 08:46:43] [31merror[39m: [31mDELETE /api/products/?id&=63bbc43b0d98f228e14ce5e1 404[39m
[09-01-2023 17:03:32] [31merror[39m: [31mGET /favicon.ico 404[39m
[09-01-2023 17:03:59] [31merror[39m: [31mGET /favicon.ico 404[39m
[09-01-2023 17:05:54] [31merror[39m: [31mGET /assets/js/bootstrap.min.js.map 404[39m
[09-01-2023 17:12:42] [31merror[39m: [31mGET /assets/js/bootstrap.min.js.map 404[39m
[09-01-2023 17:13:24] [33mwarn[39m: [33mPOST /auth/register 500[39m
[09-01-2023 17:13:25] [31merror[39m: [31mGET /assets/js/bootstrap.min.js.map 404[39m
[09-01-2023 17:16:41] [31merror[39m: [31mGET /assets/js/bootstrap.min.js.map 404[39m
[09-01-2023 17:17:15] [33mwarn[39m: [33mPOST /auth/register 500[39m
[09-01-2023 17:17:15] [31merror[39m: [31mGET /assets/js/bootstrap.min.js.map 404[39m
[09-01-2023 17:21:29] [33mwarn[39m: [33mPOST /auth/register 500[39m
[09-01-2023 17:21:30] [31merror[39m: [31mGET /assets/js/bootstrap.min.js.map 404[39m
[09-01-2023 17:29:50] [31merror[39m: [31mGET /assets/js/bootstrap.min.js.map 404[39m
[09-01-2023 17:30:28] [33mwarn[39m: [33mPOST /auth/register 500[39m
[09-01-2023 17:30:28] [31merror[39m: [31mGET /assets/js/bootstrap.min.js.map 404[39m
[09-01-2023 17:32:16] [31merror[39m: [31mGET /assets/js/bootstrap.min.js.map 404[39m
[09-01-2023 17:32:56] [33mwarn[39m: [33mPOST /auth/register 500[39m
[09-01-2023 17:32:56] [31merror[39m: [31mGET /assets/js/bootstrap.min.js.map 404[39m
[09-01-2023 17:34:17] [33mwarn[39m: [33mGET /api/products/1 500[39m
[09-01-2023 17:34:18] [31merror[39m: [31mGET /assets/js/bootstrap.min.js.map 404[39m
[09-01-2023 17:34:24] [33mwarn[39m: [33mGET /api/products/:1 500[39m
[09-01-2023 17:34:24] [31merror[39m: [31mGET /assets/js/bootstrap.min.js.map 404[39m
[09-01-2023 17:34:42] [33mwarn[39m: [33mGET /api/products/category/tetera 500[39m
[09-01-2023 17:34:42] [31merror[39m: [31mGET /assets/js/bootstrap.min.js.map 404[39m
[09-01-2023 17:34:47] [33mwarn[39m: [33mGET /api/products/category 500[39m
[09-01-2023 17:34:47] [31merror[39m: [31mGET /assets/js/bootstrap.min.js.map 404[39m
[09-01-2023 17:35:08] [33mwarn[39m: [33mGET /api/products/categoria 500[39m
[09-01-2023 17:35:08] [31merror[39m: [31mGET /assets/js/bootstrap.min.js.map 404[39m
[09-01-2023 17:35:25] [33mwarn[39m: [33mGET /api/products/:categoria 500[39m
[09-01-2023 17:35:25] [31merror[39m: [31mGET /assets/js/bootstrap.min.js.map 404[39m
[09-01-2023 17:43:59] [31merror[39m: [31mGET /assets/js/bootstrap.bundle.min.js.map 404[39m
[09-01-2023 17:44:06] [31merror[39m: [31mGET /assets/js/bootstrap.bundle.min.js.map 404[39m
[09-01-2023 17:44:52] [31merror[39m: [31mGET /js/bootstrap.min.js 404[39m
[09-01-2023 17:44:52] [31merror[39m: [31mGET /js/main.js 404[39m
[09-01-2023 17:46:00] [31merror[39m: [31mGET /bootstrap.min.js 404[39m
[09-01-2023 17:46:00] [31merror[39m: [31mGET /main.js 404[39m
[09-01-2023 17:46:26] [31merror[39m: [31mGET /auth/assets/bootstrap.min.js 404[39m
[09-01-2023 17:46:26] [31merror[39m: [31mGET /auth/assets/main.js 404[39m
[09-01-2023 17:46:37] [31merror[39m: [31mGET /auth/assets/js/bootstrap.min.js 404[39m
[09-01-2023 17:46:37] [31merror[39m: [31mGET /auth/assets/js/main.js 404[39m
[09-01-2023 17:46:38] [31merror[39m: [31mGET /auth/assets/js/bootstrap.min.js 404[39m
[09-01-2023 17:46:38] [31merror[39m: [31mGET /auth/assets/js/main.js 404[39m
[09-01-2023 17:47:00] [31merror[39m: [31mGET /auth/assets/js/bootstrap.min.js 404[39m
[09-01-2023 17:47:01] [31merror[39m: [31mGET /auth/assets/js/main.js 404[39m
[09-01-2023 17:47:40] [31merror[39m: [31mGET /assets/js/bootstrap.bundle.min.js.map 404[39m
[09-01-2023 17:49:50] [33mwarn[39m: [33mPOST /auth/register 500[39m
[09-01-2023 17:50:39] [33mwarn[39m: [33mPOST /auth/register 500[39m
[09-01-2023 17:50:40] [31merror[39m: [31mGET /auth/assets/js/main.js 404[39m
[09-01-2023 17:50:51] [33mwarn[39m: [33mPOST /auth/register 500[39m
[09-01-2023 17:50:51] [31merror[39m: [31mGET /auth/assets/js/main.js 404[39m
[09-01-2023 17:52:05] [33mwarn[39m: [33mPOST /auth/register 500[39m
[09-01-2023 17:52:05] [31merror[39m: [31mGET /auth/assets/js/main.js 404[39m
[09-01-2023 17:53:26] [33mwarn[39m: [33mPOST /auth/register 500[39m
[09-01-2023 17:53:26] [31merror[39m: [31mGET /auth/js/main.js 404[39m
[09-01-2023 17:54:28] [33mwarn[39m: [33mPOST /auth/register 500[39m
[09-01-2023 17:54:28] [31merror[39m: [31mGET /auth/js/main.js 404[39m
[09-01-2023 17:54:48] [33mwarn[39m: [33mPOST /auth/register 500[39m
[09-01-2023 17:54:48] [31merror[39m: [31mGET /auth/js/main.js 404[39m
[09-01-2023 17:55:02] [33mwarn[39m: [33mPOST /auth/register 500[39m
[09-01-2023 17:55:02] [31merror[39m: [31mGET /auth/js/main.js 404[39m
[09-01-2023 17:55:31] [33mwarn[39m: [33mPOST /auth/register 500[39m
[09-01-2023 17:55:31] [31merror[39m: [31mGET /auth/js/main.js 404[39m
[09-01-2023 17:56:24] [33mwarn[39m: [33mPOST /auth/register 500[39m
[09-01-2023 17:56:24] [31merror[39m: [31mGET /auth/assets/js/main.js 404[39m
[09-01-2023 17:57:56] [33mwarn[39m: [33mPOST /auth/register 500[39m
[09-01-2023 17:58:44] [33mwarn[39m: [33mPOST /auth/register 500[39m
[09-01-2023 18:01:18] [33mwarn[39m: [33mPOST /auth/register 500[39m
[09-01-2023 18:16:54] [33mwarn[39m: [33mPOST /auth/register 500[39m
[09-01-2023 18:17:47] [31merror[39m: [31mPOST /register 404[39m
[09-01-2023 18:18:03] [31merror[39m: [31mPOST /register 404[39m
[09-01-2023 18:27:13] [31merror[39m: [31mGET /images/producto.jpg 404[39m
[09-01-2023 18:27:31] [31merror[39m: [31mGET /consultas/user/ 404[39m
[09-01-2023 18:27:43] [31merror[39m: [31mGET /images/producto.jpg 404[39m
[09-01-2023 18:28:32] [31merror[39m: [31mGET /images/producto.jpg 404[39m
[09-01-2023 18:29:20] [31merror[39m: [31mGET /images/producto.jpg 404[39m
[09-01-2023 18:29:22] [31merror[39m: [31mGET /images/producto.jpg 404[39m
[09-01-2023 18:29:43] [31merror[39m: [31mGET /images/producto.jpg 404[39m
[09-01-2023 18:31:03] [31merror[39m: [31mGET /api/assets/js/main.js 404[39m
[09-01-2023 18:31:11] [31merror[39m: [31mGET /api/assets/js/main.js 404[39m
[09-01-2023 18:31:35] [31merror[39m: [31mGET /api/assets/js/main.js 404[39m
[09-01-2023 18:32:35] [31merror[39m: [31mGET /api/assets/js/main.js 404[39m
[09-01-2023 18:32:37] [31merror[39m: [31mGET /api/assets/js/main.js 404[39m
[09-01-2023 18:32:53] [31merror[39m: [31mGET /api/assets/js/main.js 404[39m
[09-01-2023 18:33:04] [33mwarn[39m: [33mGET /api/products/category/Teteras 500[39m
[09-01-2023 18:33:04] [31merror[39m: [31mGET /api/assets/js/main.js 404[39m
[09-01-2023 18:33:26] [31merror[39m: [31mGET /api/assets/js/main.js 404[39m
[09-01-2023 18:33:33] [31merror[39m: [31mGET /api/assets/js/main.js 404[39m
[09-01-2023 18:33:39] [31merror[39m: [31mGET /api/assets/js/main.js 404[39m
[09-01-2023 18:33:46] [31merror[39m: [31mGET /api/assets/js/main.js 404[39m
[09-01-2023 18:37:42] [31merror[39m: [31mGET /api/assets/js/main.js 404[39m
[09-01-2023 18:38:19] [33mwarn[39m: [33mGET /api/products/category/Teteras 500[39m
[09-01-2023 18:38:20] [31merror[39m: [31mGET /api/assets/js/main.js 404[39m
[09-01-2023 18:47:05] [33mwarn[39m: [33mGET /api/products/category/Teteras 500[39m
[09-01-2023 18:47:05] [31merror[39m: [31mGET /api/assets/js/main.js 404[39m
[09-01-2023 18:49:15] [31merror[39m: [31mGET /api/assets/js/main.js 404[39m
[09-01-2023 18:49:41] [31merror[39m: [31mGET /api/assets/js/main.js 404[39m
